# JRE version: Java(TM) SE Runtime Environment (17.0.12+8) (build 17.0.12+8-LTS-286)
# Java VM: Java HotSpot(TM) 64-Bit Server VM (17.0.12+8-LTS-286, mixed mode, emulated-client, sharing, tiered, compressed oops, compressed class ptrs, g1 gc, windows-amd64)
GC Precious Log:
 CPUs: 8 total, 8 available
 Memory: 16221M
 Large Page Support: Disabled
 NUMA Support: Disabled
 Compressed Oops: Enabled (Zero based)
 Heap Region Size: 2M
 Heap Min Capacity: 8M
 Heap Initial Capacity: 254M
 Heap Max Capacity: 4056M
 Pre-touch: Disabled
 Parallel Workers: 8
 Concurrent Workers: 2
 Concurrent Refinement Workers: 8
 Periodic GC: Disabled
Heap:
 garbage-first heap   total 61440K, used 27481K [0x0000000702800000, 0x0000000800000000)
  region size 2048K, 6 young (12288K), 2 survivors (4096K)
 Metaspace       used 43723K, committed 44224K, reserved 1114112K
  class space    used 6299K, committed 6528K, reserved 1048576K
GC Heap History (16 events):
Event: 0.937 GC heap before
{Heap before GC invocations=0 (full 0):
 garbage-first heap   total 260096K, used 20480K [0x0000000702800000, 0x0000000800000000)
  region size 2048K, 11 young (22528K), 0 survivors (0K)
 Metaspace       used 6535K, committed 6784K, reserved 1114112K
  class space    used 835K, committed 960K, reserved 1048576K
}
Event: 0.942 GC heap after
{Heap after GC invocations=1 (full 0):
 garbage-first heap   total 260096K, used 7158K [0x0000000702800000, 0x0000000800000000)
  region size 2048K, 2 young (4096K), 2 survivors (4096K)
 Metaspace       used 6535K, committed 6784K, reserved 1114112K
  class space    used 835K, committed 960K, reserved 1048576K
}
Event: 1.364 GC heap before
{Heap before GC invocations=1 (full 0):
 garbage-first heap   total 260096K, used 25590K [0x0000000702800000, 0x0000000800000000)
  region size 2048K, 11 young (22528K), 2 survivors (4096K)
 Metaspace       used 10521K, committed 10880K, reserved 1114112K
  class space    used 1478K, committed 1664K, reserved 1048576K
}
Event: 1.368 GC heap after
{Heap after GC invocations=2 (full 0):
 garbage-first heap   total 260096K, used 9681K [0x0000000702800000, 0x0000000800000000)
  region size 2048K, 1 young (2048K), 1 survivors (2048K)
 Metaspace       used 10521K, committed 10880K, reserved 1114112K
  class space    used 1478K, committed 1664K, reserved 1048576K
}
Event: 2.179 GC heap before
{Heap before GC invocations=2 (full 0):
 garbage-first heap   total 260096K, used 67025K [0x0000000702800000, 0x0000000800000000)
  region size 2048K, 31 young (63488K), 1 survivors (2048K)
 Metaspace       used 21145K, committed 21504K, reserved 1114112K
  class space    used 2901K, committed 3072K, reserved 1048576K
}
Event: 2.186 GC heap after
{Heap after GC invocations=3 (full 0):
 garbage-first heap   total 260096K, used 13986K [0x0000000702800000, 0x0000000800000000)
  region size 2048K, 4 young (8192K), 4 survivors (8192K)
 Metaspace       used 21145K, committed 21504K, reserved 1114112K
  class space    used 2901K, committed 3072K, reserved 1048576K
}
Event: 2.790 GC heap before
{Heap before GC invocations=4 (full 0):
 garbage-first heap   total 61440K, used 42658K [0x0000000702800000, 0x0000000800000000)
  region size 2048K, 18 young (36864K), 4 survivors (8192K)
 Metaspace       used 24884K, committed 25344K, reserved 1114112K
  class space    used 3538K, committed 3776K, reserved 1048576K
}
Event: 2.798 GC heap after
{Heap after GC invocations=5 (full 0):
 garbage-first heap   total 61440K, used 16533K [0x0000000702800000, 0x0000000800000000)
  region size 2048K, 2 young (4096K), 2 survivors (4096K)
 Metaspace       used 24884K, committed 25344K, reserved 1114112K
  class space    used 3538K, committed 3776K, reserved 1048576K
}
Event: 3.262 GC heap before
{Heap before GC invocations=5 (full 0):
 garbage-first heap   total 61440K, used 37013K [0x0000000702800000, 0x0000000800000000)
  region size 2048K, 13 young (26624K), 2 survivors (4096K)
 Metaspace       used 29166K, committed 29632K, reserved 1114112K
  class space    used 4066K, committed 4288K, reserved 1048576K
}
Event: 3.266 GC heap after
{Heap after GC invocations=6 (full 0):
 garbage-first heap   total 61440K, used 18707K [0x0000000702800000, 0x0000000800000000)
  region size 2048K, 1 young (2048K), 1 survivors (2048K)
 Metaspace       used 29166K, committed 29632K, reserved 1114112K
  class space    used 4066K, committed 4288K, reserved 1048576K
}
Event: 3.654 GC heap before
{Heap before GC invocations=6 (full 0):
 garbage-first heap   total 61440K, used 39187K [0x0000000702800000, 0x0000000800000000)
  region size 2048K, 12 young (24576K), 1 survivors (2048K)
 Metaspace       used 34286K, committed 34752K, reserved 1114112K
  class space    used 4928K, committed 5120K, reserved 1048576K
}
Event: 3.657 GC heap after
{Heap after GC invocations=7 (full 0):
 garbage-first heap   total 61440K, used 19678K [0x0000000702800000, 0x0000000800000000)
  region size 2048K, 2 young (4096K), 2 survivors (4096K)
 Metaspace       used 34286K, committed 34752K, reserved 1114112K
  class space    used 4928K, committed 5120K, reserved 1048576K
}
Event: 3.792 GC heap before
{Heap before GC invocations=7 (full 0):
 garbage-first heap   total 61440K, used 23774K [0x0000000702800000, 0x0000000800000000)
  region size 2048K, 5 young (10240K), 2 survivors (4096K)
 Metaspace       used 35701K, committed 36096K, reserved 1114112K
  class space    used 5112K, committed 5312K, reserved 1048576K
}
Event: 3.796 GC heap after
{Heap after GC invocations=8 (full 0):
 garbage-first heap   total 61440K, used 20106K [0x0000000702800000, 0x0000000800000000)
  region size 2048K, 1 young (2048K), 1 survivors (2048K)
 Metaspace       used 35701K, committed 36096K, reserved 1114112K
  class space    used 5112K, committed 5312K, reserved 1048576K
}
Event: 4.541 GC heap before
{Heap before GC invocations=9 (full 0):
 garbage-first heap   total 61440K, used 42634K [0x0000000702800000, 0x0000000800000000)
  region size 2048K, 13 young (26624K), 1 survivors (2048K)
 Metaspace       used 41546K, committed 42048K, reserved 1114112K
  class space    used 5907K, committed 6144K, reserved 1048576K
}
Event: 4.545 GC heap after
{Heap after GC invocations=10 (full 0):
 garbage-first heap   total 61440K, used 21337K [0x0000000702800000, 0x0000000800000000)
  region size 2048K, 2 young (4096K), 2 survivors (4096K)
 Metaspace       used 41546K, committed 42048K, reserved 1114112K
  class space    used 5907K, committed 6144K, reserved 1048576K
}

